<?xml version="1.0" encoding="UTF-8"?>
<!-- Generated by org.testng.reporters.JUnitReportReporter -->
<testsuite hostname="DESKTOP-GLOL392" failures="0" tests="4" name="sportfy.oauth2.test.PlaylistTests" time="5.807" errors="2" timestamp="2023-11-20T11:34:49 IST" skipped="0">
  <testcase classname="sportfy.oauth2.test.PlaylistTests" name="ShouldNotBeAbleToCreatePlayListwithInvalidToken" time="0.210"/>
  <testcase classname="sportfy.oauth2.test.PlaylistTests" name="ShouldBeAbleToGetPlayList" time="0.297">
    <error message="com.fasterxml.jackson.databind.exc.UnrecognizedPropertyException: Unrecognized field &quot;name&quot; (class com.spotify.oauth2.pojo.Playlist$PlaylistBuilder), not marked as ignorable (15 known properties: &quot;primary_color&quot;, &quot;tracks&quot;, &quot;public&quot;, &quot;Name&quot;, &quot;uri&quot;, &quot;owner&quot;, &quot;collaborative&quot;, &quot;snapshot_id&quot;, &quot;external_urls&quot;, &quot;type&quot;, &quot;id&quot;, &quot;description&quot;, &quot;href&quot;, &quot;followers&quot;, &quot;images&quot;])
 at [Source: (String)&quot;{
  &quot;collaborative&quot; : false,
  &quot;description&quot; : &quot;New playlist description&quot;,
  &quot;external_urls&quot; : {
    &quot;spotify&quot; : &quot;https://open.spotify.com/playlist/07NykBIPZ09Xzvbnm804ND&quot;
  },
  &quot;followers&quot; : {
    &quot;href&quot; : null,
    &quot;total&quot; : 0
  },
  &quot;href&quot; : &quot;https://api.spotify.com/v1/playlists/07NykBIPZ09Xzvbnm804ND&quot;,
  &quot;id&quot; : &quot;07NykBIPZ09Xzvbnm804ND&quot;,
  &quot;images&quot; : [ ],
  &quot;name&quot; : &quot;Playlist REST&quot;,
  &quot;owner&quot; : {
    &quot;display_name&quot; : &quot;maithri&quot;,
    &quot;external_urls&quot; : {
      &quot;spotify&quot; : &quot;https://open.spotify.&quot;[truncated 685 chars]; line: 14, column: 13] (through reference chain: com.spotify.oauth2.pojo.Playlist$PlaylistBuilder[&quot;name&quot;])" type="java.lang.RuntimeException">
      <![CDATA[java.lang.RuntimeException: com.fasterxml.jackson.databind.exc.UnrecognizedPropertyException: Unrecognized field "name" (class com.spotify.oauth2.pojo.Playlist$PlaylistBuilder), not marked as ignorable (15 known properties: "primary_color", "tracks", "public", "Name", "uri", "owner", "collaborative", "snapshot_id", "external_urls", "type", "id", "description", "href", "followers", "images"])
 at [Source: (String)"{
  "collaborative" : false,
  "description" : "New playlist description",
  "external_urls" : {
    "spotify" : "https://open.spotify.com/playlist/07NykBIPZ09Xzvbnm804ND"
  },
  "followers" : {
    "href" : null,
    "total" : 0
  },
  "href" : "https://api.spotify.com/v1/playlists/07NykBIPZ09Xzvbnm804ND",
  "id" : "07NykBIPZ09Xzvbnm804ND",
  "images" : [ ],
  "name" : "Playlist REST",
  "owner" : {
    "display_name" : "maithri",
    "external_urls" : {
      "spotify" : "https://open.spotify."[truncated 685 chars]; line: 14, column: 13] (through reference chain: com.spotify.oauth2.pojo.Playlist$PlaylistBuilder["name"])
at io.restassured.internal.path.json.mapping.JsonPathJackson2ObjectDeserializer.deserialize(JsonPathJackson2ObjectDeserializer.java:30)
at io.restassured.path.json.mapping.JsonPathObjectDeserializer$deserialize.call(Unknown Source)
at io.restassured.internal.mapping.Jackson2Mapper.deserialize(Jackson2Mapper.groovy:58)
at io.restassured.mapper.ObjectMapper$deserialize$0.call(Unknown Source)
at io.restassured.internal.mapping.ObjectMapping.parseWithJackson2(ObjectMapping.groovy:254)
at io.restassured.internal.mapping.ObjectMapping$parseWithJackson2$1.callStatic(Unknown Source)
at io.restassured.internal.mapping.ObjectMapping.deserialize(ObjectMapping.groovy:56)
at io.restassured.internal.mapping.ObjectMapping$deserialize$0.call(Unknown Source)
at io.restassured.internal.RestAssuredResponseOptionsGroovyImpl.as(RestAssuredResponseOptionsGroovyImpl.groovy:229)
at io.restassured.internal.RestAssuredResponseOptionsImpl.as(RestAssuredResponseOptionsImpl.java:169)
at sportfy.oauth2.test.PlaylistTests.ShouldBeAbleToGetPlayList(PlaylistTests.java:130)
at java.base/jdk.internal.reflect.NativeMethodAccessorImpl.invoke0(Native Method)
at java.base/jdk.internal.reflect.NativeMethodAccessorImpl.invoke(NativeMethodAccessorImpl.java:77)
at java.base/jdk.internal.reflect.DelegatingMethodAccessorImpl.invoke(DelegatingMethodAccessorImpl.java:43)
at java.base/java.lang.reflect.Method.invoke(Method.java:568)
at org.testng.internal.invokers.MethodInvocationHelper.invokeMethod(MethodInvocationHelper.java:139)
at org.testng.internal.invokers.TestInvoker.invokeMethod(TestInvoker.java:664)
at org.testng.internal.invokers.TestInvoker.invokeTestMethod(TestInvoker.java:227)
at org.testng.internal.invokers.MethodRunner.runInSequence(MethodRunner.java:50)
at org.testng.internal.invokers.TestInvoker$MethodInvocationAgent.invoke(TestInvoker.java:957)
at org.testng.internal.invokers.TestInvoker.invokeTestMethods(TestInvoker.java:200)
at org.testng.internal.invokers.TestMethodWorker.invokeTestMethods(TestMethodWorker.java:148)
at org.testng.internal.invokers.TestMethodWorker.run(TestMethodWorker.java:128)
at java.base/java.util.ArrayList.forEach(ArrayList.java:1511)
at org.testng.TestRunner.privateRun(TestRunner.java:848)
at org.testng.TestRunner.run(TestRunner.java:621)
at org.testng.SuiteRunner.runTest(SuiteRunner.java:443)
at org.testng.SuiteRunner.runSequentially(SuiteRunner.java:437)
at org.testng.SuiteRunner.privateRun(SuiteRunner.java:397)
at org.testng.SuiteRunner.run(SuiteRunner.java:336)
at org.testng.SuiteRunnerWorker.runSuite(SuiteRunnerWorker.java:52)
at org.testng.SuiteRunnerWorker.run(SuiteRunnerWorker.java:95)
at org.testng.TestNG.runSuitesSequentially(TestNG.java:1280)
at org.testng.TestNG.runSuitesLocally(TestNG.java:1200)
at org.testng.TestNG.runSuites(TestNG.java:1114)
at org.testng.TestNG.run(TestNG.java:1082)
at org.testng.remote.AbstractRemoteTestNG.run(AbstractRemoteTestNG.java:115)
at org.testng.remote.RemoteTestNG.initAndRun(RemoteTestNG.java:251)
at org.testng.remote.RemoteTestNG.main(RemoteTestNG.java:77)
Caused by: com.fasterxml.jackson.databind.exc.UnrecognizedPropertyException: Unrecognized field "name" (class com.spotify.oauth2.pojo.Playlist$PlaylistBuilder), not marked as ignorable (15 known properties: "primary_color", "tracks", "public", "Name", "uri", "owner", "collaborative", "snapshot_id", "external_urls", "type", "id", "description", "href", "followers", "images"])
 at [Source: (String)"{
  "collaborative" : false,
  "description" : "New playlist description",
  "external_urls" : {
    "spotify" : "https://open.spotify.com/playlist/07NykBIPZ09Xzvbnm804ND"
  },
  "followers" : {
    "href" : null,
    "total" : 0
  },
  "href" : "https://api.spotify.com/v1/playlists/07NykBIPZ09Xzvbnm804ND",
  "id" : "07NykBIPZ09Xzvbnm804ND",
  "images" : [ ],
  "name" : "Playlist REST",
  "owner" : {
    "display_name" : "maithri",
    "external_urls" : {
      "spotify" : "https://open.spotify."[truncated 685 chars]; line: 14, column: 13] (through reference chain: com.spotify.oauth2.pojo.Playlist$PlaylistBuilder["name"])
at com.fasterxml.jackson.databind.exc.UnrecognizedPropertyException.from(UnrecognizedPropertyException.java:61)
at com.fasterxml.jackson.databind.DeserializationContext.handleUnknownProperty(DeserializationContext.java:1138)
at com.fasterxml.jackson.databind.deser.std.StdDeserializer.handleUnknownProperty(StdDeserializer.java:2224)
at com.fasterxml.jackson.databind.deser.BeanDeserializerBase.handleUnknownProperty(BeanDeserializerBase.java:1709)
at com.fasterxml.jackson.databind.deser.BeanDeserializerBase.handleUnknownVanilla(BeanDeserializerBase.java:1687)
at com.fasterxml.jackson.databind.deser.BuilderBasedDeserializer.vanillaDeserialize(BuilderBasedDeserializer.java:298)
at com.fasterxml.jackson.databind.deser.BuilderBasedDeserializer.deserialize(BuilderBasedDeserializer.java:217)
at com.fasterxml.jackson.databind.deser.DefaultDeserializationContext.readRootValue(DefaultDeserializationContext.java:323)
at com.fasterxml.jackson.databind.ObjectMapper._readMapAndClose(ObjectMapper.java:4825)
at com.fasterxml.jackson.databind.ObjectMapper.readValue(ObjectMapper.java:3772)
at io.restassured.internal.path.json.mapping.JsonPathJackson2ObjectDeserializer.deserialize(JsonPathJackson2ObjectDeserializer.java:28)
... 38 more
]]>
    </error>
  </testcase> <!-- ShouldBeAbleToGetPlayList -->
  <testcase classname="sportfy.oauth2.test.PlaylistTests" name="ShouldBeAbleToCreatePlayList" time="5.112">
    <error message="com.fasterxml.jackson.databind.exc.UnrecognizedPropertyException: Unrecognized field &quot;error&quot; (class com.spotify.oauth2.pojo.Playlist$PlaylistBuilder), not marked as ignorable (15 known properties: &quot;primary_color&quot;, &quot;tracks&quot;, &quot;public&quot;, &quot;Name&quot;, &quot;uri&quot;, &quot;owner&quot;, &quot;collaborative&quot;, &quot;snapshot_id&quot;, &quot;external_urls&quot;, &quot;type&quot;, &quot;id&quot;, &quot;description&quot;, &quot;href&quot;, &quot;followers&quot;, &quot;images&quot;])
 at [Source: (String)&quot;{
  &quot;error&quot; : {
    &quot;status&quot; : 400,
    &quot;message&quot; : &quot;Unsupported attribute(s): [Name]&quot;
  }
}&quot;; line: 2, column: 14] (through reference chain: com.spotify.oauth2.pojo.Playlist$PlaylistBuilder[&quot;error&quot;])" type="java.lang.RuntimeException">
      <![CDATA[java.lang.RuntimeException: com.fasterxml.jackson.databind.exc.UnrecognizedPropertyException: Unrecognized field "error" (class com.spotify.oauth2.pojo.Playlist$PlaylistBuilder), not marked as ignorable (15 known properties: "primary_color", "tracks", "public", "Name", "uri", "owner", "collaborative", "snapshot_id", "external_urls", "type", "id", "description", "href", "followers", "images"])
 at [Source: (String)"{
  "error" : {
    "status" : 400,
    "message" : "Unsupported attribute(s): [Name]"
  }
}"; line: 2, column: 14] (through reference chain: com.spotify.oauth2.pojo.Playlist$PlaylistBuilder["error"])
at io.restassured.internal.path.json.mapping.JsonPathJackson2ObjectDeserializer.deserialize(JsonPathJackson2ObjectDeserializer.java:30)
at io.restassured.path.json.mapping.JsonPathObjectDeserializer$deserialize.call(Unknown Source)
at org.codehaus.groovy.runtime.callsite.CallSiteArray.defaultCall(CallSiteArray.java:45)
at org.codehaus.groovy.runtime.callsite.AbstractCallSite.call(AbstractCallSite.java:125)
at org.codehaus.groovy.runtime.callsite.AbstractCallSite.call(AbstractCallSite.java:139)
at io.restassured.internal.mapping.Jackson2Mapper.deserialize(Jackson2Mapper.groovy:58)
at io.restassured.mapper.ObjectMapper$deserialize$0.call(Unknown Source)
at org.codehaus.groovy.runtime.callsite.CallSiteArray.defaultCall(CallSiteArray.java:45)
at org.codehaus.groovy.runtime.callsite.AbstractCallSite.call(AbstractCallSite.java:125)
at org.codehaus.groovy.runtime.callsite.AbstractCallSite.call(AbstractCallSite.java:139)
at io.restassured.internal.mapping.ObjectMapping.parseWithJackson2(ObjectMapping.groovy:254)
at io.restassured.internal.mapping.ObjectMapping$parseWithJackson2$1.callStatic(Unknown Source)
at org.codehaus.groovy.runtime.callsite.CallSiteArray.defaultCallStatic(CallSiteArray.java:53)
at org.codehaus.groovy.runtime.callsite.AbstractCallSite.callStatic(AbstractCallSite.java:217)
at org.codehaus.groovy.runtime.callsite.AbstractCallSite.callStatic(AbstractCallSite.java:240)
at io.restassured.internal.mapping.ObjectMapping.deserialize(ObjectMapping.groovy:56)
at io.restassured.internal.mapping.ObjectMapping$deserialize$0.call(Unknown Source)
at org.codehaus.groovy.runtime.callsite.CallSiteArray.defaultCall(CallSiteArray.java:45)
at org.codehaus.groovy.runtime.callsite.AbstractCallSite.call(AbstractCallSite.java:125)
at io.restassured.internal.RestAssuredResponseOptionsGroovyImpl.as(RestAssuredResponseOptionsGroovyImpl.groovy:229)
at io.restassured.internal.RestAssuredResponseOptionsImpl.as(RestAssuredResponseOptionsImpl.java:169)
at sportfy.oauth2.test.PlaylistTests.ShouldBeAbleToCreatePlayList(PlaylistTests.java:106)
at java.base/jdk.internal.reflect.NativeMethodAccessorImpl.invoke0(Native Method)
at java.base/jdk.internal.reflect.NativeMethodAccessorImpl.invoke(NativeMethodAccessorImpl.java:77)
at java.base/jdk.internal.reflect.DelegatingMethodAccessorImpl.invoke(DelegatingMethodAccessorImpl.java:43)
at java.base/java.lang.reflect.Method.invoke(Method.java:568)
at org.testng.internal.invokers.MethodInvocationHelper.invokeMethod(MethodInvocationHelper.java:139)
at org.testng.internal.invokers.TestInvoker.invokeMethod(TestInvoker.java:664)
at org.testng.internal.invokers.TestInvoker.invokeTestMethod(TestInvoker.java:227)
at org.testng.internal.invokers.MethodRunner.runInSequence(MethodRunner.java:50)
at org.testng.internal.invokers.TestInvoker$MethodInvocationAgent.invoke(TestInvoker.java:957)
at org.testng.internal.invokers.TestInvoker.invokeTestMethods(TestInvoker.java:200)
at org.testng.internal.invokers.TestMethodWorker.invokeTestMethods(TestMethodWorker.java:148)
at org.testng.internal.invokers.TestMethodWorker.run(TestMethodWorker.java:128)
at java.base/java.util.ArrayList.forEach(ArrayList.java:1511)
at org.testng.TestRunner.privateRun(TestRunner.java:848)
at org.testng.TestRunner.run(TestRunner.java:621)
at org.testng.SuiteRunner.runTest(SuiteRunner.java:443)
at org.testng.SuiteRunner.runSequentially(SuiteRunner.java:437)
at org.testng.SuiteRunner.privateRun(SuiteRunner.java:397)
at org.testng.SuiteRunner.run(SuiteRunner.java:336)
at org.testng.SuiteRunnerWorker.runSuite(SuiteRunnerWorker.java:52)
at org.testng.SuiteRunnerWorker.run(SuiteRunnerWorker.java:95)
at org.testng.TestNG.runSuitesSequentially(TestNG.java:1280)
at org.testng.TestNG.runSuitesLocally(TestNG.java:1200)
at org.testng.TestNG.runSuites(TestNG.java:1114)
at org.testng.TestNG.run(TestNG.java:1082)
at org.testng.remote.AbstractRemoteTestNG.run(AbstractRemoteTestNG.java:115)
at org.testng.remote.RemoteTestNG.initAndRun(RemoteTestNG.java:251)
at org.testng.remote.RemoteTestNG.main(RemoteTestNG.java:77)
Caused by: com.fasterxml.jackson.databind.exc.UnrecognizedPropertyException: Unrecognized field "error" (class com.spotify.oauth2.pojo.Playlist$PlaylistBuilder), not marked as ignorable (15 known properties: "primary_color", "tracks", "public", "Name", "uri", "owner", "collaborative", "snapshot_id", "external_urls", "type", "id", "description", "href", "followers", "images"])
 at [Source: (String)"{
  "error" : {
    "status" : 400,
    "message" : "Unsupported attribute(s): [Name]"
  }
}"; line: 2, column: 14] (through reference chain: com.spotify.oauth2.pojo.Playlist$PlaylistBuilder["error"])
at com.fasterxml.jackson.databind.exc.UnrecognizedPropertyException.from(UnrecognizedPropertyException.java:61)
at com.fasterxml.jackson.databind.DeserializationContext.handleUnknownProperty(DeserializationContext.java:1138)
at com.fasterxml.jackson.databind.deser.std.StdDeserializer.handleUnknownProperty(StdDeserializer.java:2224)
at com.fasterxml.jackson.databind.deser.BeanDeserializerBase.handleUnknownProperty(BeanDeserializerBase.java:1709)
at com.fasterxml.jackson.databind.deser.BeanDeserializerBase.handleUnknownVanilla(BeanDeserializerBase.java:1687)
at com.fasterxml.jackson.databind.deser.BuilderBasedDeserializer.vanillaDeserialize(BuilderBasedDeserializer.java:298)
at com.fasterxml.jackson.databind.deser.BuilderBasedDeserializer.deserialize(BuilderBasedDeserializer.java:217)
at com.fasterxml.jackson.databind.deser.DefaultDeserializationContext.readRootValue(DefaultDeserializationContext.java:323)
at com.fasterxml.jackson.databind.ObjectMapper._readMapAndClose(ObjectMapper.java:4825)
at com.fasterxml.jackson.databind.ObjectMapper.readValue(ObjectMapper.java:3772)
at io.restassured.internal.path.json.mapping.JsonPathJackson2ObjectDeserializer.deserialize(JsonPathJackson2ObjectDeserializer.java:28)
... 49 more
]]>
    </error>
  </testcase> <!-- ShouldBeAbleToCreatePlayList -->
  <testcase classname="sportfy.oauth2.test.PlaylistTests" name="ShouldNotBeAbleToCreatePlayListwithoutName" time="0.188"/>
</testsuite> <!-- sportfy.oauth2.test.PlaylistTests -->
